<?xml version="1.0" encoding="UTF-8"?>
<!-- Generated by org.testng.reporters.JUnitReportReporter -->
<testsuite hostname="DESKTOP-BKVHFCN" failures="0" tests="2" name="runner.MyRunner" time="42.798" errors="0" timestamp="2022-01-18T19:52:31 IST" skipped="0">
  <testcase classname="runner.MyRunner" name="runScenario" time="22.012"/>
  <system-out/>
  <testcase classname="runner.MyRunner" name="runScenario" time="20.786"/>
  <system-out/>
</testsuite> <!-- runner.MyRunner -->
